[2020-03-27 09:08:43] local.ERROR: View [welcome] not found. {"exception":"[object] (InvalidArgumentException(code: 0): View [welcome] not found. at /run/media/mnaguib/01D5D071E5202A70/Projects/Laravel/booksouls_library/vendor/laravel/framework/src/Illuminate/View/FileViewFinder.php:137)
[stacktrace]
#0 /run/media/mnaguib/01D5D071E5202A70/Projects/Laravel/booksouls_library/vendor/laravel/framework/src/Illuminate/View/FileViewFinder.php(79): Illuminate\\View\\FileViewFinder->findInPaths('welcome', Array)
#1 /run/media/mnaguib/01D5D071E5202A70/Projects/Laravel/booksouls_library/vendor/laravel/framework/src/Illuminate/View/Factory.php(131): Illuminate\\View\\FileViewFinder->find('welcome')
#2 /run/media/mnaguib/01D5D071E5202A70/Projects/Laravel/booksouls_library/vendor/laravel/framework/src/Illuminate/Foundation/helpers.php(959): Illuminate\\View\\Factory->make('welcome', Array, Array)
#3 /run/media/mnaguib/01D5D071E5202A70/Projects/Laravel/booksouls_library/routes/web.php(17): view('welcome')
#4 /run/media/mnaguib/01D5D071E5202A70/Projects/Laravel/booksouls_library/vendor/laravel/framework/src/Illuminate/Routing/Route.php(211): Illuminate\\Routing\\RouteFileRegistrar->{closure}()
#5 /run/media/mnaguib/01D5D071E5202A70/Projects/Laravel/booksouls_library/vendor/laravel/framework/src/Illuminate/Routing/Route.php(185): Illuminate\\Routing\\Route->runCallable()
#6 /run/media/mnaguib/01D5D071E5202A70/Projects/Laravel/booksouls_library/vendor/laravel/framework/src/Illuminate/Routing/Router.php(681): Illuminate\\Routing\\Route->run()
#7 /run/media/mnaguib/01D5D071E5202A70/Projects/Laravel/booksouls_library/vendor/laravel/framework/src/Illuminate/Pipeline/Pipeline.php(128): Illuminate\\Routing\\Router->Illuminate\\Routing\\{closure}(Object(Illuminate\\Http\\Request))
#8 /run/media/mnaguib/01D5D071E5202A70/Projects/Laravel/booksouls_library/vendor/laravel/framework/src/Illuminate/Routing/Middleware/SubstituteBindings.php(41): Illuminate\\Pipeline\\Pipeline->Illuminate\\Pipeline\\{closure}(Object(Illuminate\\Http\\Request))
#9 /run/media/mnaguib/01D5D071E5202A70/Projects/Laravel/booksouls_library/vendor/laravel/framework/src/Illuminate/Pipeline/Pipeline.php(167): Illuminate\\Routing\\Middleware\\SubstituteBindings->handle(Object(Illuminate\\Http\\Request), Object(Closure))
#10 /run/media/mnaguib/01D5D071E5202A70/Projects/Laravel/booksouls_library/vendor/laravel/framework/src/Illuminate/Foundation/Http/Middleware/VerifyCsrfToken.php(76): Illuminate\\Pipeline\\Pipeline->Illuminate\\Pipeline\\{closure}(Object(Illuminate\\Http\\Request))
#11 /run/media/mnaguib/01D5D071E5202A70/Projects/Laravel/booksouls_library/vendor/laravel/framework/src/Illuminate/Pipeline/Pipeline.php(167): Illuminate\\Foundation\\Http\\Middleware\\VerifyCsrfToken->handle(Object(Illuminate\\Http\\Request), Object(Closure))
#12 /run/media/mnaguib/01D5D071E5202A70/Projects/Laravel/booksouls_library/vendor/laravel/framework/src/Illuminate/View/Middleware/ShareErrorsFromSession.php(49): Illuminate\\Pipeline\\Pipeline->Illuminate\\Pipeline\\{closure}(Object(Illuminate\\Http\\Request))
#13 /run/media/mnaguib/01D5D071E5202A70/Projects/Laravel/booksouls_library/vendor/laravel/framework/src/Illuminate/Pipeline/Pipeline.php(167): Illuminate\\View\\Middleware\\ShareErrorsFromSession->handle(Object(Illuminate\\Http\\Request), Object(Closure))
#14 /run/media/mnaguib/01D5D071E5202A70/Projects/Laravel/booksouls_library/vendor/laravel/framework/src/Illuminate/Session/Middleware/StartSession.php(56): Illuminate\\Pipeline\\Pipeline->Illuminate\\Pipeline\\{closure}(Object(Illuminate\\Http\\Request))
#15 /run/media/mnaguib/01D5D071E5202A70/Projects/Laravel/booksouls_library/vendor/laravel/framework/src/Illuminate/Pipeline/Pipeline.php(167): Illuminate\\Session\\Middleware\\StartSession->handle(Object(Illuminate\\Http\\Request), Object(Closure))
#16 /run/media/mnaguib/01D5D071E5202A70/Projects/Laravel/booksouls_library/vendor/laravel/framework/src/Illuminate/Cookie/Middleware/AddQueuedCookiesToResponse.php(37): Illuminate\\Pipeline\\Pipeline->Illuminate\\Pipeline\\{closure}(Object(Illuminate\\Http\\Request))
#17 /run/media/mnaguib/01D5D071E5202A70/Projects/Laravel/booksouls_library/vendor/laravel/framework/src/Illuminate/Pipeline/Pipeline.php(167): Illuminate\\Cookie\\Middleware\\AddQueuedCookiesToResponse->handle(Object(Illuminate\\Http\\Request), Object(Closure))
#18 /run/media/mnaguib/01D5D071E5202A70/Projects/Laravel/booksouls_library/vendor/laravel/framework/src/Illuminate/Cookie/Middleware/EncryptCookies.php(66): Illuminate\\Pipeline\\Pipeline->Illuminate\\Pipeline\\{closure}(Object(Illuminate\\Http\\Request))
#19 /run/media/mnaguib/01D5D071E5202A70/Projects/Laravel/booksouls_library/vendor/laravel/framework/src/Illuminate/Pipeline/Pipeline.php(167): Illuminate\\Cookie\\Middleware\\EncryptCookies->handle(Object(Illuminate\\Http\\Request), Object(Closure))
#20 /run/media/mnaguib/01D5D071E5202A70/Projects/Laravel/booksouls_library/vendor/laravel/framework/src/Illuminate/Pipeline/Pipeline.php(103): Illuminate\\Pipeline\\Pipeline->Illuminate\\Pipeline\\{closure}(Object(Illuminate\\Http\\Request))
#21 /run/media/mnaguib/01D5D071E5202A70/Projects/Laravel/booksouls_library/vendor/laravel/framework/src/Illuminate/Routing/Router.php(683): Illuminate\\Pipeline\\Pipeline->then(Object(Closure))
#22 /run/media/mnaguib/01D5D071E5202A70/Projects/Laravel/booksouls_library/vendor/laravel/framework/src/Illuminate/Routing/Router.php(658): Illuminate\\Routing\\Router->runRouteWithinStack(Object(Illuminate\\Routing\\Route), Object(Illuminate\\Http\\Request))
#23 /run/media/mnaguib/01D5D071E5202A70/Projects/Laravel/booksouls_library/vendor/laravel/framework/src/Illuminate/Routing/Router.php(624): Illuminate\\Routing\\Router->runRoute(Object(Illuminate\\Http\\Request), Object(Illuminate\\Routing\\Route))
#24 /run/media/mnaguib/01D5D071E5202A70/Projects/Laravel/booksouls_library/vendor/laravel/framework/src/Illuminate/Routing/Router.php(613): Illuminate\\Routing\\Router->dispatchToRoute(Object(Illuminate\\Http\\Request))
#25 /run/media/mnaguib/01D5D071E5202A70/Projects/Laravel/booksouls_library/vendor/laravel/framework/src/Illuminate/Foundation/Http/Kernel.php(165): Illuminate\\Routing\\Router->dispatch(Object(Illuminate\\Http\\Request))
#26 /run/media/mnaguib/01D5D071E5202A70/Projects/Laravel/booksouls_library/vendor/laravel/framework/src/Illuminate/Pipeline/Pipeline.php(128): Illuminate\\Foundation\\Http\\Kernel->Illuminate\\Foundation\\Http\\{closure}(Object(Illuminate\\Http\\Request))
#27 /run/media/mnaguib/01D5D071E5202A70/Projects/Laravel/booksouls_library/vendor/laravel/framework/src/Illuminate/Foundation/Http/Middleware/TransformsRequest.php(21): Illuminate\\Pipeline\\Pipeline->Illuminate\\Pipeline\\{closure}(Object(Illuminate\\Http\\Request))
#28 /run/media/mnaguib/01D5D071E5202A70/Projects/Laravel/booksouls_library/vendor/laravel/framework/src/Illuminate/Pipeline/Pipeline.php(167): Illuminate\\Foundation\\Http\\Middleware\\TransformsRequest->handle(Object(Illuminate\\Http\\Request), Object(Closure))
#29 /run/media/mnaguib/01D5D071E5202A70/Projects/Laravel/booksouls_library/vendor/laravel/framework/src/Illuminate/Foundation/Http/Middleware/TransformsRequest.php(21): Illuminate\\Pipeline\\Pipeline->Illuminate\\Pipeline\\{closure}(Object(Illuminate\\Http\\Request))
#30 /run/media/mnaguib/01D5D071E5202A70/Projects/Laravel/booksouls_library/vendor/laravel/framework/src/Illuminate/Pipeline/Pipeline.php(167): Illuminate\\Foundation\\Http\\Middleware\\TransformsRequest->handle(Object(Illuminate\\Http\\Request), Object(Closure))
#31 /run/media/mnaguib/01D5D071E5202A70/Projects/Laravel/booksouls_library/vendor/laravel/framework/src/Illuminate/Foundation/Http/Middleware/ValidatePostSize.php(27): Illuminate\\Pipeline\\Pipeline->Illuminate\\Pipeline\\{closure}(Object(Illuminate\\Http\\Request))
#32 /run/media/mnaguib/01D5D071E5202A70/Projects/Laravel/booksouls_library/vendor/laravel/framework/src/Illuminate/Pipeline/Pipeline.php(167): Illuminate\\Foundation\\Http\\Middleware\\ValidatePostSize->handle(Object(Illuminate\\Http\\Request), Object(Closure))
#33 /run/media/mnaguib/01D5D071E5202A70/Projects/Laravel/booksouls_library/vendor/laravel/framework/src/Illuminate/Foundation/Http/Middleware/CheckForMaintenanceMode.php(63): Illuminate\\Pipeline\\Pipeline->Illuminate\\Pipeline\\{closure}(Object(Illuminate\\Http\\Request))
#34 /run/media/mnaguib/01D5D071E5202A70/Projects/Laravel/booksouls_library/vendor/laravel/framework/src/Illuminate/Pipeline/Pipeline.php(167): Illuminate\\Foundation\\Http\\Middleware\\CheckForMaintenanceMode->handle(Object(Illuminate\\Http\\Request), Object(Closure))
#35 /run/media/mnaguib/01D5D071E5202A70/Projects/Laravel/booksouls_library/vendor/fruitcake/laravel-cors/src/HandleCors.php(36): Illuminate\\Pipeline\\Pipeline->Illuminate\\Pipeline\\{closure}(Object(Illuminate\\Http\\Request))
#36 /run/media/mnaguib/01D5D071E5202A70/Projects/Laravel/booksouls_library/vendor/laravel/framework/src/Illuminate/Pipeline/Pipeline.php(167): Fruitcake\\Cors\\HandleCors->handle(Object(Illuminate\\Http\\Request), Object(Closure))
#37 /run/media/mnaguib/01D5D071E5202A70/Projects/Laravel/booksouls_library/vendor/fideloper/proxy/src/TrustProxies.php(57): Illuminate\\Pipeline\\Pipeline->Illuminate\\Pipeline\\{closure}(Object(Illuminate\\Http\\Request))
#38 /run/media/mnaguib/01D5D071E5202A70/Projects/Laravel/booksouls_library/vendor/laravel/framework/src/Illuminate/Pipeline/Pipeline.php(167): Fideloper\\Proxy\\TrustProxies->handle(Object(Illuminate\\Http\\Request), Object(Closure))
#39 /run/media/mnaguib/01D5D071E5202A70/Projects/Laravel/booksouls_library/vendor/laravel/framework/src/Illuminate/Pipeline/Pipeline.php(103): Illuminate\\Pipeline\\Pipeline->Illuminate\\Pipeline\\{closure}(Object(Illuminate\\Http\\Request))
#40 /run/media/mnaguib/01D5D071E5202A70/Projects/Laravel/booksouls_library/vendor/laravel/framework/src/Illuminate/Foundation/Http/Kernel.php(140): Illuminate\\Pipeline\\Pipeline->then(Object(Closure))
#41 /run/media/mnaguib/01D5D071E5202A70/Projects/Laravel/booksouls_library/vendor/laravel/framework/src/Illuminate/Foundation/Http/Kernel.php(109): Illuminate\\Foundation\\Http\\Kernel->sendRequestThroughRouter(Object(Illuminate\\Http\\Request))
#42 /run/media/mnaguib/01D5D071E5202A70/Projects/Laravel/booksouls_library/public/index.php(55): Illuminate\\Foundation\\Http\\Kernel->handle(Object(Illuminate\\Http\\Request))
#43 /run/media/mnaguib/01D5D071E5202A70/Projects/Laravel/booksouls_library/server.php(21): require_once('/run/media/mnag...')
#44 {main}
"} 
[2020-03-27 09:08:43] local.ERROR: file_put_contents(H:\Projects\Laravel\booksouls_library\storage\framework/sessions/8pOA4Uaku555e0ghZSXHVlm3MmYqB6r5rAeGzR3D): failed to open stream: No such file or directory {"exception":"[object] (ErrorException(code: 0): file_put_contents(H:\\Projects\\Laravel\\booksouls_library\\storage\\framework/sessions/8pOA4Uaku555e0ghZSXHVlm3MmYqB6r5rAeGzR3D): failed to open stream: No such file or directory at /run/media/mnaguib/01D5D071E5202A70/Projects/Laravel/booksouls_library/vendor/laravel/framework/src/Illuminate/Filesystem/Filesystem.php:133)
[stacktrace]
#0 [internal function]: Illuminate\\Foundation\\Bootstrap\\HandleExceptions->handleError(2, 'file_put_conten...', '/run/media/mnag...', 133, Array)
#1 /run/media/mnaguib/01D5D071E5202A70/Projects/Laravel/booksouls_library/vendor/laravel/framework/src/Illuminate/Filesystem/Filesystem.php(133): file_put_contents('H:\\\\Projects\\\\Lar...', 'a:3:{s:6:\"_toke...', 2)
#2 /run/media/mnaguib/01D5D071E5202A70/Projects/Laravel/booksouls_library/vendor/laravel/framework/src/Illuminate/Session/FileSessionHandler.php(83): Illuminate\\Filesystem\\Filesystem->put('H:\\\\Projects\\\\Lar...', 'a:3:{s:6:\"_toke...', true)
#3 /run/media/mnaguib/01D5D071E5202A70/Projects/Laravel/booksouls_library/vendor/laravel/framework/src/Illuminate/Session/Store.php(129): Illuminate\\Session\\FileSessionHandler->write('8pOA4Uaku555e0g...', 'a:3:{s:6:\"_toke...')
#4 /run/media/mnaguib/01D5D071E5202A70/Projects/Laravel/booksouls_library/vendor/laravel/framework/src/Illuminate/Session/Middleware/StartSession.php(170): Illuminate\\Session\\Store->save()
#5 /run/media/mnaguib/01D5D071E5202A70/Projects/Laravel/booksouls_library/vendor/laravel/framework/src/Illuminate/Session/Middleware/StartSession.php(65): Illuminate\\Session\\Middleware\\StartSession->saveSession(Object(Illuminate\\Http\\Request))
#6 /run/media/mnaguib/01D5D071E5202A70/Projects/Laravel/booksouls_library/vendor/laravel/framework/src/Illuminate/Pipeline/Pipeline.php(167): Illuminate\\Session\\Middleware\\StartSession->handle(Object(Illuminate\\Http\\Request), Object(Closure))
#7 /run/media/mnaguib/01D5D071E5202A70/Projects/Laravel/booksouls_library/vendor/laravel/framework/src/Illuminate/Cookie/Middleware/AddQueuedCookiesToResponse.php(37): Illuminate\\Pipeline\\Pipeline->Illuminate\\Pipeline\\{closure}(Object(Illuminate\\Http\\Request))
#8 /run/media/mnaguib/01D5D071E5202A70/Projects/Laravel/booksouls_library/vendor/laravel/framework/src/Illuminate/Pipeline/Pipeline.php(167): Illuminate\\Cookie\\Middleware\\AddQueuedCookiesToResponse->handle(Object(Illuminate\\Http\\Request), Object(Closure))
#9 /run/media/mnaguib/01D5D071E5202A70/Projects/Laravel/booksouls_library/vendor/laravel/framework/src/Illuminate/Cookie/Middleware/EncryptCookies.php(66): Illuminate\\Pipeline\\Pipeline->Illuminate\\Pipeline\\{closure}(Object(Illuminate\\Http\\Request))
#10 /run/media/mnaguib/01D5D071E5202A70/Projects/Laravel/booksouls_library/vendor/laravel/framework/src/Illuminate/Pipeline/Pipeline.php(167): Illuminate\\Cookie\\Middleware\\EncryptCookies->handle(Object(Illuminate\\Http\\Request), Object(Closure))
#11 /run/media/mnaguib/01D5D071E5202A70/Projects/Laravel/booksouls_library/vendor/laravel/framework/src/Illuminate/Pipeline/Pipeline.php(103): Illuminate\\Pipeline\\Pipeline->Illuminate\\Pipeline\\{closure}(Object(Illuminate\\Http\\Request))
#12 /run/media/mnaguib/01D5D071E5202A70/Projects/Laravel/booksouls_library/vendor/laravel/framework/src/Illuminate/Routing/Router.php(683): Illuminate\\Pipeline\\Pipeline->then(Object(Closure))
#13 /run/media/mnaguib/01D5D071E5202A70/Projects/Laravel/booksouls_library/vendor/laravel/framework/src/Illuminate/Routing/Router.php(658): Illuminate\\Routing\\Router->runRouteWithinStack(Object(Illuminate\\Routing\\Route), Object(Illuminate\\Http\\Request))
#14 /run/media/mnaguib/01D5D071E5202A70/Projects/Laravel/booksouls_library/vendor/laravel/framework/src/Illuminate/Routing/Router.php(624): Illuminate\\Routing\\Router->runRoute(Object(Illuminate\\Http\\Request), Object(Illuminate\\Routing\\Route))
#15 /run/media/mnaguib/01D5D071E5202A70/Projects/Laravel/booksouls_library/vendor/laravel/framework/src/Illuminate/Routing/Router.php(613): Illuminate\\Routing\\Router->dispatchToRoute(Object(Illuminate\\Http\\Request))
#16 /run/media/mnaguib/01D5D071E5202A70/Projects/Laravel/booksouls_library/vendor/laravel/framework/src/Illuminate/Foundation/Http/Kernel.php(165): Illuminate\\Routing\\Router->dispatch(Object(Illuminate\\Http\\Request))
#17 /run/media/mnaguib/01D5D071E5202A70/Projects/Laravel/booksouls_library/vendor/laravel/framework/src/Illuminate/Pipeline/Pipeline.php(128): Illuminate\\Foundation\\Http\\Kernel->Illuminate\\Foundation\\Http\\{closure}(Object(Illuminate\\Http\\Request))
#18 /run/media/mnaguib/01D5D071E5202A70/Projects/Laravel/booksouls_library/vendor/laravel/framework/src/Illuminate/Foundation/Http/Middleware/TransformsRequest.php(21): Illuminate\\Pipeline\\Pipeline->Illuminate\\Pipeline\\{closure}(Object(Illuminate\\Http\\Request))
#19 /run/media/mnaguib/01D5D071E5202A70/Projects/Laravel/booksouls_library/vendor/laravel/framework/src/Illuminate/Pipeline/Pipeline.php(167): Illuminate\\Foundation\\Http\\Middleware\\TransformsRequest->handle(Object(Illuminate\\Http\\Request), Object(Closure))
#20 /run/media/mnaguib/01D5D071E5202A70/Projects/Laravel/booksouls_library/vendor/laravel/framework/src/Illuminate/Foundation/Http/Middleware/TransformsRequest.php(21): Illuminate\\Pipeline\\Pipeline->Illuminate\\Pipeline\\{closure}(Object(Illuminate\\Http\\Request))
#21 /run/media/mnaguib/01D5D071E5202A70/Projects/Laravel/booksouls_library/vendor/laravel/framework/src/Illuminate/Pipeline/Pipeline.php(167): Illuminate\\Foundation\\Http\\Middleware\\TransformsRequest->handle(Object(Illuminate\\Http\\Request), Object(Closure))
#22 /run/media/mnaguib/01D5D071E5202A70/Projects/Laravel/booksouls_library/vendor/laravel/framework/src/Illuminate/Foundation/Http/Middleware/ValidatePostSize.php(27): Illuminate\\Pipeline\\Pipeline->Illuminate\\Pipeline\\{closure}(Object(Illuminate\\Http\\Request))
#23 /run/media/mnaguib/01D5D071E5202A70/Projects/Laravel/booksouls_library/vendor/laravel/framework/src/Illuminate/Pipeline/Pipeline.php(167): Illuminate\\Foundation\\Http\\Middleware\\ValidatePostSize->handle(Object(Illuminate\\Http\\Request), Object(Closure))
#24 /run/media/mnaguib/01D5D071E5202A70/Projects/Laravel/booksouls_library/vendor/laravel/framework/src/Illuminate/Foundation/Http/Middleware/CheckForMaintenanceMode.php(63): Illuminate\\Pipeline\\Pipeline->Illuminate\\Pipeline\\{closure}(Object(Illuminate\\Http\\Request))
#25 /run/media/mnaguib/01D5D071E5202A70/Projects/Laravel/booksouls_library/vendor/laravel/framework/src/Illuminate/Pipeline/Pipeline.php(167): Illuminate\\Foundation\\Http\\Middleware\\CheckForMaintenanceMode->handle(Object(Illuminate\\Http\\Request), Object(Closure))
#26 /run/media/mnaguib/01D5D071E5202A70/Projects/Laravel/booksouls_library/vendor/fruitcake/laravel-cors/src/HandleCors.php(36): Illuminate\\Pipeline\\Pipeline->Illuminate\\Pipeline\\{closure}(Object(Illuminate\\Http\\Request))
#27 /run/media/mnaguib/01D5D071E5202A70/Projects/Laravel/booksouls_library/vendor/laravel/framework/src/Illuminate/Pipeline/Pipeline.php(167): Fruitcake\\Cors\\HandleCors->handle(Object(Illuminate\\Http\\Request), Object(Closure))
#28 /run/media/mnaguib/01D5D071E5202A70/Projects/Laravel/booksouls_library/vendor/fideloper/proxy/src/TrustProxies.php(57): Illuminate\\Pipeline\\Pipeline->Illuminate\\Pipeline\\{closure}(Object(Illuminate\\Http\\Request))
#29 /run/media/mnaguib/01D5D071E5202A70/Projects/Laravel/booksouls_library/vendor/laravel/framework/src/Illuminate/Pipeline/Pipeline.php(167): Fideloper\\Proxy\\TrustProxies->handle(Object(Illuminate\\Http\\Request), Object(Closure))
#30 /run/media/mnaguib/01D5D071E5202A70/Projects/Laravel/booksouls_library/vendor/laravel/framework/src/Illuminate/Pipeline/Pipeline.php(103): Illuminate\\Pipeline\\Pipeline->Illuminate\\Pipeline\\{closure}(Object(Illuminate\\Http\\Request))
#31 /run/media/mnaguib/01D5D071E5202A70/Projects/Laravel/booksouls_library/vendor/laravel/framework/src/Illuminate/Foundation/Http/Kernel.php(140): Illuminate\\Pipeline\\Pipeline->then(Object(Closure))
#32 /run/media/mnaguib/01D5D071E5202A70/Projects/Laravel/booksouls_library/vendor/laravel/framework/src/Illuminate/Foundation/Http/Kernel.php(109): Illuminate\\Foundation\\Http\\Kernel->sendRequestThroughRouter(Object(Illuminate\\Http\\Request))
#33 /run/media/mnaguib/01D5D071E5202A70/Projects/Laravel/booksouls_library/public/index.php(55): Illuminate\\Foundation\\Http\\Kernel->handle(Object(Illuminate\\Http\\Request))
#34 /run/media/mnaguib/01D5D071E5202A70/Projects/Laravel/booksouls_library/server.php(21): require_once('/run/media/mnag...')
#35 {main}
"} 
[2020-03-27 09:10:05] local.ERROR: View [welcome] not found. {"exception":"[object] (InvalidArgumentException(code: 0): View [welcome] not found. at /run/media/mnaguib/01D5D071E5202A70/Projects/Laravel/booksouls_library/vendor/laravel/framework/src/Illuminate/View/FileViewFinder.php:137)
[stacktrace]
#0 /run/media/mnaguib/01D5D071E5202A70/Projects/Laravel/booksouls_library/vendor/laravel/framework/src/Illuminate/View/FileViewFinder.php(79): Illuminate\\View\\FileViewFinder->findInPaths('welcome', Array)
#1 /run/media/mnaguib/01D5D071E5202A70/Projects/Laravel/booksouls_library/vendor/laravel/framework/src/Illuminate/View/Factory.php(131): Illuminate\\View\\FileViewFinder->find('welcome')
#2 /run/media/mnaguib/01D5D071E5202A70/Projects/Laravel/booksouls_library/vendor/laravel/framework/src/Illuminate/Foundation/helpers.php(959): Illuminate\\View\\Factory->make('welcome', Array, Array)
#3 /run/media/mnaguib/01D5D071E5202A70/Projects/Laravel/booksouls_library/routes/web.php(17): view('welcome')
#4 /run/media/mnaguib/01D5D071E5202A70/Projects/Laravel/booksouls_library/vendor/laravel/framework/src/Illuminate/Routing/Route.php(211): Illuminate\\Routing\\RouteFileRegistrar->{closure}()
#5 /run/media/mnaguib/01D5D071E5202A70/Projects/Laravel/booksouls_library/vendor/laravel/framework/src/Illuminate/Routing/Route.php(185): Illuminate\\Routing\\Route->runCallable()
#6 /run/media/mnaguib/01D5D071E5202A70/Projects/Laravel/booksouls_library/vendor/laravel/framework/src/Illuminate/Routing/Router.php(681): Illuminate\\Routing\\Route->run()
#7 /run/media/mnaguib/01D5D071E5202A70/Projects/Laravel/booksouls_library/vendor/laravel/framework/src/Illuminate/Pipeline/Pipeline.php(128): Illuminate\\Routing\\Router->Illuminate\\Routing\\{closure}(Object(Illuminate\\Http\\Request))
#8 /run/media/mnaguib/01D5D071E5202A70/Projects/Laravel/booksouls_library/vendor/laravel/framework/src/Illuminate/Routing/Middleware/SubstituteBindings.php(41): Illuminate\\Pipeline\\Pipeline->Illuminate\\Pipeline\\{closure}(Object(Illuminate\\Http\\Request))
#9 /run/media/mnaguib/01D5D071E5202A70/Projects/Laravel/booksouls_library/vendor/laravel/framework/src/Illuminate/Pipeline/Pipeline.php(167): Illuminate\\Routing\\Middleware\\SubstituteBindings->handle(Object(Illuminate\\Http\\Request), Object(Closure))
#10 /run/media/mnaguib/01D5D071E5202A70/Projects/Laravel/booksouls_library/vendor/laravel/framework/src/Illuminate/Foundation/Http/Middleware/VerifyCsrfToken.php(76): Illuminate\\Pipeline\\Pipeline->Illuminate\\Pipeline\\{closure}(Object(Illuminate\\Http\\Request))
#11 /run/media/mnaguib/01D5D071E5202A70/Projects/Laravel/booksouls_library/vendor/laravel/framework/src/Illuminate/Pipeline/Pipeline.php(167): Illuminate\\Foundation\\Http\\Middleware\\VerifyCsrfToken->handle(Object(Illuminate\\Http\\Request), Object(Closure))
#12 /run/media/mnaguib/01D5D071E5202A70/Projects/Laravel/booksouls_library/vendor/laravel/framework/src/Illuminate/View/Middleware/ShareErrorsFromSession.php(49): Illuminate\\Pipeline\\Pipeline->Illuminate\\Pipeline\\{closure}(Object(Illuminate\\Http\\Request))
#13 /run/media/mnaguib/01D5D071E5202A70/Projects/Laravel/booksouls_library/vendor/laravel/framework/src/Illuminate/Pipeline/Pipeline.php(167): Illuminate\\View\\Middleware\\ShareErrorsFromSession->handle(Object(Illuminate\\Http\\Request), Object(Closure))
#14 /run/media/mnaguib/01D5D071E5202A70/Projects/Laravel/booksouls_library/vendor/laravel/framework/src/Illuminate/Session/Middleware/StartSession.php(56): Illuminate\\Pipeline\\Pipeline->Illuminate\\Pipeline\\{closure}(Object(Illuminate\\Http\\Request))
#15 /run/media/mnaguib/01D5D071E5202A70/Projects/Laravel/booksouls_library/vendor/laravel/framework/src/Illuminate/Pipeline/Pipeline.php(167): Illuminate\\Session\\Middleware\\StartSession->handle(Object(Illuminate\\Http\\Request), Object(Closure))
#16 /run/media/mnaguib/01D5D071E5202A70/Projects/Laravel/booksouls_library/vendor/laravel/framework/src/Illuminate/Cookie/Middleware/AddQueuedCookiesToResponse.php(37): Illuminate\\Pipeline\\Pipeline->Illuminate\\Pipeline\\{closure}(Object(Illuminate\\Http\\Request))
#17 /run/media/mnaguib/01D5D071E5202A70/Projects/Laravel/booksouls_library/vendor/laravel/framework/src/Illuminate/Pipeline/Pipeline.php(167): Illuminate\\Cookie\\Middleware\\AddQueuedCookiesToResponse->handle(Object(Illuminate\\Http\\Request), Object(Closure))
#18 /run/media/mnaguib/01D5D071E5202A70/Projects/Laravel/booksouls_library/vendor/laravel/framework/src/Illuminate/Cookie/Middleware/EncryptCookies.php(66): Illuminate\\Pipeline\\Pipeline->Illuminate\\Pipeline\\{closure}(Object(Illuminate\\Http\\Request))
#19 /run/media/mnaguib/01D5D071E5202A70/Projects/Laravel/booksouls_library/vendor/laravel/framework/src/Illuminate/Pipeline/Pipeline.php(167): Illuminate\\Cookie\\Middleware\\EncryptCookies->handle(Object(Illuminate\\Http\\Request), Object(Closure))
#20 /run/media/mnaguib/01D5D071E5202A70/Projects/Laravel/booksouls_library/vendor/laravel/framework/src/Illuminate/Pipeline/Pipeline.php(103): Illuminate\\Pipeline\\Pipeline->Illuminate\\Pipeline\\{closure}(Object(Illuminate\\Http\\Request))
#21 /run/media/mnaguib/01D5D071E5202A70/Projects/Laravel/booksouls_library/vendor/laravel/framework/src/Illuminate/Routing/Router.php(683): Illuminate\\Pipeline\\Pipeline->then(Object(Closure))
#22 /run/media/mnaguib/01D5D071E5202A70/Projects/Laravel/booksouls_library/vendor/laravel/framework/src/Illuminate/Routing/Router.php(658): Illuminate\\Routing\\Router->runRouteWithinStack(Object(Illuminate\\Routing\\Route), Object(Illuminate\\Http\\Request))
#23 /run/media/mnaguib/01D5D071E5202A70/Projects/Laravel/booksouls_library/vendor/laravel/framework/src/Illuminate/Routing/Router.php(624): Illuminate\\Routing\\Router->runRoute(Object(Illuminate\\Http\\Request), Object(Illuminate\\Routing\\Route))
#24 /run/media/mnaguib/01D5D071E5202A70/Projects/Laravel/booksouls_library/vendor/laravel/framework/src/Illuminate/Routing/Router.php(613): Illuminate\\Routing\\Router->dispatchToRoute(Object(Illuminate\\Http\\Request))
#25 /run/media/mnaguib/01D5D071E5202A70/Projects/Laravel/booksouls_library/vendor/laravel/framework/src/Illuminate/Foundation/Http/Kernel.php(165): Illuminate\\Routing\\Router->dispatch(Object(Illuminate\\Http\\Request))
#26 /run/media/mnaguib/01D5D071E5202A70/Projects/Laravel/booksouls_library/vendor/laravel/framework/src/Illuminate/Pipeline/Pipeline.php(128): Illuminate\\Foundation\\Http\\Kernel->Illuminate\\Foundation\\Http\\{closure}(Object(Illuminate\\Http\\Request))
#27 /run/media/mnaguib/01D5D071E5202A70/Projects/Laravel/booksouls_library/vendor/laravel/framework/src/Illuminate/Foundation/Http/Middleware/TransformsRequest.php(21): Illuminate\\Pipeline\\Pipeline->Illuminate\\Pipeline\\{closure}(Object(Illuminate\\Http\\Request))
#28 /run/media/mnaguib/01D5D071E5202A70/Projects/Laravel/booksouls_library/vendor/laravel/framework/src/Illuminate/Pipeline/Pipeline.php(167): Illuminate\\Foundation\\Http\\Middleware\\TransformsRequest->handle(Object(Illuminate\\Http\\Request), Object(Closure))
#29 /run/media/mnaguib/01D5D071E5202A70/Projects/Laravel/booksouls_library/vendor/laravel/framework/src/Illuminate/Foundation/Http/Middleware/TransformsRequest.php(21): Illuminate\\Pipeline\\Pipeline->Illuminate\\Pipeline\\{closure}(Object(Illuminate\\Http\\Request))
#30 /run/media/mnaguib/01D5D071E5202A70/Projects/Laravel/booksouls_library/vendor/laravel/framework/src/Illuminate/Pipeline/Pipeline.php(167): Illuminate\\Foundation\\Http\\Middleware\\TransformsRequest->handle(Object(Illuminate\\Http\\Request), Object(Closure))
#31 /run/media/mnaguib/01D5D071E5202A70/Projects/Laravel/booksouls_library/vendor/laravel/framework/src/Illuminate/Foundation/Http/Middleware/ValidatePostSize.php(27): Illuminate\\Pipeline\\Pipeline->Illuminate\\Pipeline\\{closure}(Object(Illuminate\\Http\\Request))
#32 /run/media/mnaguib/01D5D071E5202A70/Projects/Laravel/booksouls_library/vendor/laravel/framework/src/Illuminate/Pipeline/Pipeline.php(167): Illuminate\\Foundation\\Http\\Middleware\\ValidatePostSize->handle(Object(Illuminate\\Http\\Request), Object(Closure))
#33 /run/media/mnaguib/01D5D071E5202A70/Projects/Laravel/booksouls_library/vendor/laravel/framework/src/Illuminate/Foundation/Http/Middleware/CheckForMaintenanceMode.php(63): Illuminate\\Pipeline\\Pipeline->Illuminate\\Pipeline\\{closure}(Object(Illuminate\\Http\\Request))
#34 /run/media/mnaguib/01D5D071E5202A70/Projects/Laravel/booksouls_library/vendor/laravel/framework/src/Illuminate/Pipeline/Pipeline.php(167): Illuminate\\Foundation\\Http\\Middleware\\CheckForMaintenanceMode->handle(Object(Illuminate\\Http\\Request), Object(Closure))
#35 /run/media/mnaguib/01D5D071E5202A70/Projects/Laravel/booksouls_library/vendor/fruitcake/laravel-cors/src/HandleCors.php(36): Illuminate\\Pipeline\\Pipeline->Illuminate\\Pipeline\\{closure}(Object(Illuminate\\Http\\Request))
#36 /run/media/mnaguib/01D5D071E5202A70/Projects/Laravel/booksouls_library/vendor/laravel/framework/src/Illuminate/Pipeline/Pipeline.php(167): Fruitcake\\Cors\\HandleCors->handle(Object(Illuminate\\Http\\Request), Object(Closure))
#37 /run/media/mnaguib/01D5D071E5202A70/Projects/Laravel/booksouls_library/vendor/fideloper/proxy/src/TrustProxies.php(57): Illuminate\\Pipeline\\Pipeline->Illuminate\\Pipeline\\{closure}(Object(Illuminate\\Http\\Request))
#38 /run/media/mnaguib/01D5D071E5202A70/Projects/Laravel/booksouls_library/vendor/laravel/framework/src/Illuminate/Pipeline/Pipeline.php(167): Fideloper\\Proxy\\TrustProxies->handle(Object(Illuminate\\Http\\Request), Object(Closure))
#39 /run/media/mnaguib/01D5D071E5202A70/Projects/Laravel/booksouls_library/vendor/laravel/framework/src/Illuminate/Pipeline/Pipeline.php(103): Illuminate\\Pipeline\\Pipeline->Illuminate\\Pipeline\\{closure}(Object(Illuminate\\Http\\Request))
#40 /run/media/mnaguib/01D5D071E5202A70/Projects/Laravel/booksouls_library/vendor/laravel/framework/src/Illuminate/Foundation/Http/Kernel.php(140): Illuminate\\Pipeline\\Pipeline->then(Object(Closure))
#41 /run/media/mnaguib/01D5D071E5202A70/Projects/Laravel/booksouls_library/vendor/laravel/framework/src/Illuminate/Foundation/Http/Kernel.php(109): Illuminate\\Foundation\\Http\\Kernel->sendRequestThroughRouter(Object(Illuminate\\Http\\Request))
#42 /run/media/mnaguib/01D5D071E5202A70/Projects/Laravel/booksouls_library/public/index.php(55): Illuminate\\Foundation\\Http\\Kernel->handle(Object(Illuminate\\Http\\Request))
#43 /run/media/mnaguib/01D5D071E5202A70/Projects/Laravel/booksouls_library/server.php(21): require_once('/run/media/mnag...')
#44 {main}
"} 
[2020-03-27 09:10:05] local.ERROR: file_put_contents(H:\Projects\Laravel\booksouls_library\storage\framework/sessions/FbBO6WGwXMjAIHIuVJhCIo4kPHBf58DMBYh9puCl): failed to open stream: No such file or directory {"exception":"[object] (ErrorException(code: 0): file_put_contents(H:\\Projects\\Laravel\\booksouls_library\\storage\\framework/sessions/FbBO6WGwXMjAIHIuVJhCIo4kPHBf58DMBYh9puCl): failed to open stream: No such file or directory at /run/media/mnaguib/01D5D071E5202A70/Projects/Laravel/booksouls_library/vendor/laravel/framework/src/Illuminate/Filesystem/Filesystem.php:133)
[stacktrace]
#0 [internal function]: Illuminate\\Foundation\\Bootstrap\\HandleExceptions->handleError(2, 'file_put_conten...', '/run/media/mnag...', 133, Array)
#1 /run/media/mnaguib/01D5D071E5202A70/Projects/Laravel/booksouls_library/vendor/laravel/framework/src/Illuminate/Filesystem/Filesystem.php(133): file_put_contents('H:\\\\Projects\\\\Lar...', 'a:3:{s:6:\"_toke...', 2)
#2 /run/media/mnaguib/01D5D071E5202A70/Projects/Laravel/booksouls_library/vendor/laravel/framework/src/Illuminate/Session/FileSessionHandler.php(83): Illuminate\\Filesystem\\Filesystem->put('H:\\\\Projects\\\\Lar...', 'a:3:{s:6:\"_toke...', true)
#3 /run/media/mnaguib/01D5D071E5202A70/Projects/Laravel/booksouls_library/vendor/laravel/framework/src/Illuminate/Session/Store.php(129): Illuminate\\Session\\FileSessionHandler->write('FbBO6WGwXMjAIHI...', 'a:3:{s:6:\"_toke...')
#4 /run/media/mnaguib/01D5D071E5202A70/Projects/Laravel/booksouls_library/vendor/laravel/framework/src/Illuminate/Session/Middleware/StartSession.php(170): Illuminate\\Session\\Store->save()
#5 /run/media/mnaguib/01D5D071E5202A70/Projects/Laravel/booksouls_library/vendor/laravel/framework/src/Illuminate/Session/Middleware/StartSession.php(65): Illuminate\\Session\\Middleware\\StartSession->saveSession(Object(Illuminate\\Http\\Request))
#6 /run/media/mnaguib/01D5D071E5202A70/Projects/Laravel/booksouls_library/vendor/laravel/framework/src/Illuminate/Pipeline/Pipeline.php(167): Illuminate\\Session\\Middleware\\StartSession->handle(Object(Illuminate\\Http\\Request), Object(Closure))
#7 /run/media/mnaguib/01D5D071E5202A70/Projects/Laravel/booksouls_library/vendor/laravel/framework/src/Illuminate/Cookie/Middleware/AddQueuedCookiesToResponse.php(37): Illuminate\\Pipeline\\Pipeline->Illuminate\\Pipeline\\{closure}(Object(Illuminate\\Http\\Request))
#8 /run/media/mnaguib/01D5D071E5202A70/Projects/Laravel/booksouls_library/vendor/laravel/framework/src/Illuminate/Pipeline/Pipeline.php(167): Illuminate\\Cookie\\Middleware\\AddQueuedCookiesToResponse->handle(Object(Illuminate\\Http\\Request), Object(Closure))
#9 /run/media/mnaguib/01D5D071E5202A70/Projects/Laravel/booksouls_library/vendor/laravel/framework/src/Illuminate/Cookie/Middleware/EncryptCookies.php(66): Illuminate\\Pipeline\\Pipeline->Illuminate\\Pipeline\\{closure}(Object(Illuminate\\Http\\Request))
#10 /run/media/mnaguib/01D5D071E5202A70/Projects/Laravel/booksouls_library/vendor/laravel/framework/src/Illuminate/Pipeline/Pipeline.php(167): Illuminate\\Cookie\\Middleware\\EncryptCookies->handle(Object(Illuminate\\Http\\Request), Object(Closure))
#11 /run/media/mnaguib/01D5D071E5202A70/Projects/Laravel/booksouls_library/vendor/laravel/framework/src/Illuminate/Pipeline/Pipeline.php(103): Illuminate\\Pipeline\\Pipeline->Illuminate\\Pipeline\\{closure}(Object(Illuminate\\Http\\Request))
#12 /run/media/mnaguib/01D5D071E5202A70/Projects/Laravel/booksouls_library/vendor/laravel/framework/src/Illuminate/Routing/Router.php(683): Illuminate\\Pipeline\\Pipeline->then(Object(Closure))
#13 /run/media/mnaguib/01D5D071E5202A70/Projects/Laravel/booksouls_library/vendor/laravel/framework/src/Illuminate/Routing/Router.php(658): Illuminate\\Routing\\Router->runRouteWithinStack(Object(Illuminate\\Routing\\Route), Object(Illuminate\\Http\\Request))
#14 /run/media/mnaguib/01D5D071E5202A70/Projects/Laravel/booksouls_library/vendor/laravel/framework/src/Illuminate/Routing/Router.php(624): Illuminate\\Routing\\Router->runRoute(Object(Illuminate\\Http\\Request), Object(Illuminate\\Routing\\Route))
#15 /run/media/mnaguib/01D5D071E5202A70/Projects/Laravel/booksouls_library/vendor/laravel/framework/src/Illuminate/Routing/Router.php(613): Illuminate\\Routing\\Router->dispatchToRoute(Object(Illuminate\\Http\\Request))
#16 /run/media/mnaguib/01D5D071E5202A70/Projects/Laravel/booksouls_library/vendor/laravel/framework/src/Illuminate/Foundation/Http/Kernel.php(165): Illuminate\\Routing\\Router->dispatch(Object(Illuminate\\Http\\Request))
#17 /run/media/mnaguib/01D5D071E5202A70/Projects/Laravel/booksouls_library/vendor/laravel/framework/src/Illuminate/Pipeline/Pipeline.php(128): Illuminate\\Foundation\\Http\\Kernel->Illuminate\\Foundation\\Http\\{closure}(Object(Illuminate\\Http\\Request))
#18 /run/media/mnaguib/01D5D071E5202A70/Projects/Laravel/booksouls_library/vendor/laravel/framework/src/Illuminate/Foundation/Http/Middleware/TransformsRequest.php(21): Illuminate\\Pipeline\\Pipeline->Illuminate\\Pipeline\\{closure}(Object(Illuminate\\Http\\Request))
#19 /run/media/mnaguib/01D5D071E5202A70/Projects/Laravel/booksouls_library/vendor/laravel/framework/src/Illuminate/Pipeline/Pipeline.php(167): Illuminate\\Foundation\\Http\\Middleware\\TransformsRequest->handle(Object(Illuminate\\Http\\Request), Object(Closure))
#20 /run/media/mnaguib/01D5D071E5202A70/Projects/Laravel/booksouls_library/vendor/laravel/framework/src/Illuminate/Foundation/Http/Middleware/TransformsRequest.php(21): Illuminate\\Pipeline\\Pipeline->Illuminate\\Pipeline\\{closure}(Object(Illuminate\\Http\\Request))
#21 /run/media/mnaguib/01D5D071E5202A70/Projects/Laravel/booksouls_library/vendor/laravel/framework/src/Illuminate/Pipeline/Pipeline.php(167): Illuminate\\Foundation\\Http\\Middleware\\TransformsRequest->handle(Object(Illuminate\\Http\\Request), Object(Closure))
#22 /run/media/mnaguib/01D5D071E5202A70/Projects/Laravel/booksouls_library/vendor/laravel/framework/src/Illuminate/Foundation/Http/Middleware/ValidatePostSize.php(27): Illuminate\\Pipeline\\Pipeline->Illuminate\\Pipeline\\{closure}(Object(Illuminate\\Http\\Request))
#23 /run/media/mnaguib/01D5D071E5202A70/Projects/Laravel/booksouls_library/vendor/laravel/framework/src/Illuminate/Pipeline/Pipeline.php(167): Illuminate\\Foundation\\Http\\Middleware\\ValidatePostSize->handle(Object(Illuminate\\Http\\Request), Object(Closure))
#24 /run/media/mnaguib/01D5D071E5202A70/Projects/Laravel/booksouls_library/vendor/laravel/framework/src/Illuminate/Foundation/Http/Middleware/CheckForMaintenanceMode.php(63): Illuminate\\Pipeline\\Pipeline->Illuminate\\Pipeline\\{closure}(Object(Illuminate\\Http\\Request))
#25 /run/media/mnaguib/01D5D071E5202A70/Projects/Laravel/booksouls_library/vendor/laravel/framework/src/Illuminate/Pipeline/Pipeline.php(167): Illuminate\\Foundation\\Http\\Middleware\\CheckForMaintenanceMode->handle(Object(Illuminate\\Http\\Request), Object(Closure))
#26 /run/media/mnaguib/01D5D071E5202A70/Projects/Laravel/booksouls_library/vendor/fruitcake/laravel-cors/src/HandleCors.php(36): Illuminate\\Pipeline\\Pipeline->Illuminate\\Pipeline\\{closure}(Object(Illuminate\\Http\\Request))
#27 /run/media/mnaguib/01D5D071E5202A70/Projects/Laravel/booksouls_library/vendor/laravel/framework/src/Illuminate/Pipeline/Pipeline.php(167): Fruitcake\\Cors\\HandleCors->handle(Object(Illuminate\\Http\\Request), Object(Closure))
#28 /run/media/mnaguib/01D5D071E5202A70/Projects/Laravel/booksouls_library/vendor/fideloper/proxy/src/TrustProxies.php(57): Illuminate\\Pipeline\\Pipeline->Illuminate\\Pipeline\\{closure}(Object(Illuminate\\Http\\Request))
#29 /run/media/mnaguib/01D5D071E5202A70/Projects/Laravel/booksouls_library/vendor/laravel/framework/src/Illuminate/Pipeline/Pipeline.php(167): Fideloper\\Proxy\\TrustProxies->handle(Object(Illuminate\\Http\\Request), Object(Closure))
#30 /run/media/mnaguib/01D5D071E5202A70/Projects/Laravel/booksouls_library/vendor/laravel/framework/src/Illuminate/Pipeline/Pipeline.php(103): Illuminate\\Pipeline\\Pipeline->Illuminate\\Pipeline\\{closure}(Object(Illuminate\\Http\\Request))
#31 /run/media/mnaguib/01D5D071E5202A70/Projects/Laravel/booksouls_library/vendor/laravel/framework/src/Illuminate/Foundation/Http/Kernel.php(140): Illuminate\\Pipeline\\Pipeline->then(Object(Closure))
#32 /run/media/mnaguib/01D5D071E5202A70/Projects/Laravel/booksouls_library/vendor/laravel/framework/src/Illuminate/Foundation/Http/Kernel.php(109): Illuminate\\Foundation\\Http\\Kernel->sendRequestThroughRouter(Object(Illuminate\\Http\\Request))
#33 /run/media/mnaguib/01D5D071E5202A70/Projects/Laravel/booksouls_library/public/index.php(55): Illuminate\\Foundation\\Http\\Kernel->handle(Object(Illuminate\\Http\\Request))
#34 /run/media/mnaguib/01D5D071E5202A70/Projects/Laravel/booksouls_library/server.php(21): require_once('/run/media/mnag...')
#35 {main}
"} 
[2020-03-27 09:10:27] local.ERROR: The "H:\Projects\Laravel\booksouls_library\storage\framework/sessions" directory does not exist. {"exception":"[object] (Symfony\\Component\\Finder\\Exception\\DirectoryNotFoundException(code: 0): The \"H:\\Projects\\Laravel\\booksouls_library\\storage\\framework/sessions\" directory does not exist. at /run/media/mnaguib/01D5D071E5202A70/Projects/Laravel/booksouls_library/vendor/symfony/finder/Finder.php:589)
[stacktrace]
#0 /run/media/mnaguib/01D5D071E5202A70/Projects/Laravel/booksouls_library/vendor/laravel/framework/src/Illuminate/Session/FileSessionHandler.php(104): Symfony\\Component\\Finder\\Finder->in('H:\\\\Projects\\\\Lar...')
#1 /run/media/mnaguib/01D5D071E5202A70/Projects/Laravel/booksouls_library/vendor/laravel/framework/src/Illuminate/Session/Middleware/StartSession.php(112): Illuminate\\Session\\FileSessionHandler->gc(7200)
#2 /run/media/mnaguib/01D5D071E5202A70/Projects/Laravel/booksouls_library/vendor/laravel/framework/src/Illuminate/Session/Middleware/StartSession.php(54): Illuminate\\Session\\Middleware\\StartSession->collectGarbage(Object(Illuminate\\Session\\Store))
#3 /run/media/mnaguib/01D5D071E5202A70/Projects/Laravel/booksouls_library/vendor/laravel/framework/src/Illuminate/Pipeline/Pipeline.php(167): Illuminate\\Session\\Middleware\\StartSession->handle(Object(Illuminate\\Http\\Request), Object(Closure))
#4 /run/media/mnaguib/01D5D071E5202A70/Projects/Laravel/booksouls_library/vendor/laravel/framework/src/Illuminate/Cookie/Middleware/AddQueuedCookiesToResponse.php(37): Illuminate\\Pipeline\\Pipeline->Illuminate\\Pipeline\\{closure}(Object(Illuminate\\Http\\Request))
#5 /run/media/mnaguib/01D5D071E5202A70/Projects/Laravel/booksouls_library/vendor/laravel/framework/src/Illuminate/Pipeline/Pipeline.php(167): Illuminate\\Cookie\\Middleware\\AddQueuedCookiesToResponse->handle(Object(Illuminate\\Http\\Request), Object(Closure))
#6 /run/media/mnaguib/01D5D071E5202A70/Projects/Laravel/booksouls_library/vendor/laravel/framework/src/Illuminate/Cookie/Middleware/EncryptCookies.php(66): Illuminate\\Pipeline\\Pipeline->Illuminate\\Pipeline\\{closure}(Object(Illuminate\\Http\\Request))
#7 /run/media/mnaguib/01D5D071E5202A70/Projects/Laravel/booksouls_library/vendor/laravel/framework/src/Illuminate/Pipeline/Pipeline.php(167): Illuminate\\Cookie\\Middleware\\EncryptCookies->handle(Object(Illuminate\\Http\\Request), Object(Closure))
#8 /run/media/mnaguib/01D5D071E5202A70/Projects/Laravel/booksouls_library/vendor/laravel/framework/src/Illuminate/Pipeline/Pipeline.php(103): Illuminate\\Pipeline\\Pipeline->Illuminate\\Pipeline\\{closure}(Object(Illuminate\\Http\\Request))
#9 /run/media/mnaguib/01D5D071E5202A70/Projects/Laravel/booksouls_library/vendor/laravel/framework/src/Illuminate/Routing/Router.php(683): Illuminate\\Pipeline\\Pipeline->then(Object(Closure))
#10 /run/media/mnaguib/01D5D071E5202A70/Projects/Laravel/booksouls_library/vendor/laravel/framework/src/Illuminate/Routing/Router.php(658): Illuminate\\Routing\\Router->runRouteWithinStack(Object(Illuminate\\Routing\\Route), Object(Illuminate\\Http\\Request))
#11 /run/media/mnaguib/01D5D071E5202A70/Projects/Laravel/booksouls_library/vendor/laravel/framework/src/Illuminate/Routing/Router.php(624): Illuminate\\Routing\\Router->runRoute(Object(Illuminate\\Http\\Request), Object(Illuminate\\Routing\\Route))
#12 /run/media/mnaguib/01D5D071E5202A70/Projects/Laravel/booksouls_library/vendor/laravel/framework/src/Illuminate/Routing/Router.php(613): Illuminate\\Routing\\Router->dispatchToRoute(Object(Illuminate\\Http\\Request))
#13 /run/media/mnaguib/01D5D071E5202A70/Projects/Laravel/booksouls_library/vendor/laravel/framework/src/Illuminate/Foundation/Http/Kernel.php(165): Illuminate\\Routing\\Router->dispatch(Object(Illuminate\\Http\\Request))
#14 /run/media/mnaguib/01D5D071E5202A70/Projects/Laravel/booksouls_library/vendor/laravel/framework/src/Illuminate/Pipeline/Pipeline.php(128): Illuminate\\Foundation\\Http\\Kernel->Illuminate\\Foundation\\Http\\{closure}(Object(Illuminate\\Http\\Request))
#15 /run/media/mnaguib/01D5D071E5202A70/Projects/Laravel/booksouls_library/vendor/laravel/framework/src/Illuminate/Foundation/Http/Middleware/TransformsRequest.php(21): Illuminate\\Pipeline\\Pipeline->Illuminate\\Pipeline\\{closure}(Object(Illuminate\\Http\\Request))
#16 /run/media/mnaguib/01D5D071E5202A70/Projects/Laravel/booksouls_library/vendor/laravel/framework/src/Illuminate/Pipeline/Pipeline.php(167): Illuminate\\Foundation\\Http\\Middleware\\TransformsRequest->handle(Object(Illuminate\\Http\\Request), Object(Closure))
#17 /run/media/mnaguib/01D5D071E5202A70/Projects/Laravel/booksouls_library/vendor/laravel/framework/src/Illuminate/Foundation/Http/Middleware/TransformsRequest.php(21): Illuminate\\Pipeline\\Pipeline->Illuminate\\Pipeline\\{closure}(Object(Illuminate\\Http\\Request))
#18 /run/media/mnaguib/01D5D071E5202A70/Projects/Laravel/booksouls_library/vendor/laravel/framework/src/Illuminate/Pipeline/Pipeline.php(167): Illuminate\\Foundation\\Http\\Middleware\\TransformsRequest->handle(Object(Illuminate\\Http\\Request), Object(Closure))
#19 /run/media/mnaguib/01D5D071E5202A70/Projects/Laravel/booksouls_library/vendor/laravel/framework/src/Illuminate/Foundation/Http/Middleware/ValidatePostSize.php(27): Illuminate\\Pipeline\\Pipeline->Illuminate\\Pipeline\\{closure}(Object(Illuminate\\Http\\Request))
#20 /run/media/mnaguib/01D5D071E5202A70/Projects/Laravel/booksouls_library/vendor/laravel/framework/src/Illuminate/Pipeline/Pipeline.php(167): Illuminate\\Foundation\\Http\\Middleware\\ValidatePostSize->handle(Object(Illuminate\\Http\\Request), Object(Closure))
#21 /run/media/mnaguib/01D5D071E5202A70/Projects/Laravel/booksouls_library/vendor/laravel/framework/src/Illuminate/Foundation/Http/Middleware/CheckForMaintenanceMode.php(63): Illuminate\\Pipeline\\Pipeline->Illuminate\\Pipeline\\{closure}(Object(Illuminate\\Http\\Request))
#22 /run/media/mnaguib/01D5D071E5202A70/Projects/Laravel/booksouls_library/vendor/laravel/framework/src/Illuminate/Pipeline/Pipeline.php(167): Illuminate\\Foundation\\Http\\Middleware\\CheckForMaintenanceMode->handle(Object(Illuminate\\Http\\Request), Object(Closure))
#23 /run/media/mnaguib/01D5D071E5202A70/Projects/Laravel/booksouls_library/vendor/fruitcake/laravel-cors/src/HandleCors.php(36): Illuminate\\Pipeline\\Pipeline->Illuminate\\Pipeline\\{closure}(Object(Illuminate\\Http\\Request))
#24 /run/media/mnaguib/01D5D071E5202A70/Projects/Laravel/booksouls_library/vendor/laravel/framework/src/Illuminate/Pipeline/Pipeline.php(167): Fruitcake\\Cors\\HandleCors->handle(Object(Illuminate\\Http\\Request), Object(Closure))
#25 /run/media/mnaguib/01D5D071E5202A70/Projects/Laravel/booksouls_library/vendor/fideloper/proxy/src/TrustProxies.php(57): Illuminate\\Pipeline\\Pipeline->Illuminate\\Pipeline\\{closure}(Object(Illuminate\\Http\\Request))
#26 /run/media/mnaguib/01D5D071E5202A70/Projects/Laravel/booksouls_library/vendor/laravel/framework/src/Illuminate/Pipeline/Pipeline.php(167): Fideloper\\Proxy\\TrustProxies->handle(Object(Illuminate\\Http\\Request), Object(Closure))
#27 /run/media/mnaguib/01D5D071E5202A70/Projects/Laravel/booksouls_library/vendor/laravel/framework/src/Illuminate/Pipeline/Pipeline.php(103): Illuminate\\Pipeline\\Pipeline->Illuminate\\Pipeline\\{closure}(Object(Illuminate\\Http\\Request))
#28 /run/media/mnaguib/01D5D071E5202A70/Projects/Laravel/booksouls_library/vendor/laravel/framework/src/Illuminate/Foundation/Http/Kernel.php(140): Illuminate\\Pipeline\\Pipeline->then(Object(Closure))
#29 /run/media/mnaguib/01D5D071E5202A70/Projects/Laravel/booksouls_library/vendor/laravel/framework/src/Illuminate/Foundation/Http/Kernel.php(109): Illuminate\\Foundation\\Http\\Kernel->sendRequestThroughRouter(Object(Illuminate\\Http\\Request))
#30 /run/media/mnaguib/01D5D071E5202A70/Projects/Laravel/booksouls_library/public/index.php(55): Illuminate\\Foundation\\Http\\Kernel->handle(Object(Illuminate\\Http\\Request))
#31 /run/media/mnaguib/01D5D071E5202A70/Projects/Laravel/booksouls_library/server.php(21): require_once('/run/media/mnag...')
#32 {main}
"} 
[2020-03-27 09:11:12] local.ERROR: View [welcome] not found. {"exception":"[object] (InvalidArgumentException(code: 0): View [welcome] not found. at /run/media/mnaguib/01D5D071E5202A70/Projects/Laravel/booksouls_library/vendor/laravel/framework/src/Illuminate/View/FileViewFinder.php:137)
[stacktrace]
#0 /run/media/mnaguib/01D5D071E5202A70/Projects/Laravel/booksouls_library/vendor/laravel/framework/src/Illuminate/View/FileViewFinder.php(79): Illuminate\\View\\FileViewFinder->findInPaths('welcome', Array)
#1 /run/media/mnaguib/01D5D071E5202A70/Projects/Laravel/booksouls_library/vendor/laravel/framework/src/Illuminate/View/Factory.php(131): Illuminate\\View\\FileViewFinder->find('welcome')
#2 /run/media/mnaguib/01D5D071E5202A70/Projects/Laravel/booksouls_library/vendor/laravel/framework/src/Illuminate/Foundation/helpers.php(959): Illuminate\\View\\Factory->make('welcome', Array, Array)
#3 /run/media/mnaguib/01D5D071E5202A70/Projects/Laravel/booksouls_library/routes/web.php(17): view('welcome')
#4 /run/media/mnaguib/01D5D071E5202A70/Projects/Laravel/booksouls_library/vendor/laravel/framework/src/Illuminate/Routing/Route.php(211): Illuminate\\Routing\\RouteFileRegistrar->{closure}()
#5 /run/media/mnaguib/01D5D071E5202A70/Projects/Laravel/booksouls_library/vendor/laravel/framework/src/Illuminate/Routing/Route.php(185): Illuminate\\Routing\\Route->runCallable()
#6 /run/media/mnaguib/01D5D071E5202A70/Projects/Laravel/booksouls_library/vendor/laravel/framework/src/Illuminate/Routing/Router.php(681): Illuminate\\Routing\\Route->run()
#7 /run/media/mnaguib/01D5D071E5202A70/Projects/Laravel/booksouls_library/vendor/laravel/framework/src/Illuminate/Pipeline/Pipeline.php(128): Illuminate\\Routing\\Router->Illuminate\\Routing\\{closure}(Object(Illuminate\\Http\\Request))
#8 /run/media/mnaguib/01D5D071E5202A70/Projects/Laravel/booksouls_library/vendor/laravel/framework/src/Illuminate/Routing/Middleware/SubstituteBindings.php(41): Illuminate\\Pipeline\\Pipeline->Illuminate\\Pipeline\\{closure}(Object(Illuminate\\Http\\Request))
#9 /run/media/mnaguib/01D5D071E5202A70/Projects/Laravel/booksouls_library/vendor/laravel/framework/src/Illuminate/Pipeline/Pipeline.php(167): Illuminate\\Routing\\Middleware\\SubstituteBindings->handle(Object(Illuminate\\Http\\Request), Object(Closure))
#10 /run/media/mnaguib/01D5D071E5202A70/Projects/Laravel/booksouls_library/vendor/laravel/framework/src/Illuminate/Foundation/Http/Middleware/VerifyCsrfToken.php(76): Illuminate\\Pipeline\\Pipeline->Illuminate\\Pipeline\\{closure}(Object(Illuminate\\Http\\Request))
#11 /run/media/mnaguib/01D5D071E5202A70/Projects/Laravel/booksouls_library/vendor/laravel/framework/src/Illuminate/Pipeline/Pipeline.php(167): Illuminate\\Foundation\\Http\\Middleware\\VerifyCsrfToken->handle(Object(Illuminate\\Http\\Request), Object(Closure))
#12 /run/media/mnaguib/01D5D071E5202A70/Projects/Laravel/booksouls_library/vendor/laravel/framework/src/Illuminate/View/Middleware/ShareErrorsFromSession.php(49): Illuminate\\Pipeline\\Pipeline->Illuminate\\Pipeline\\{closure}(Object(Illuminate\\Http\\Request))
#13 /run/media/mnaguib/01D5D071E5202A70/Projects/Laravel/booksouls_library/vendor/laravel/framework/src/Illuminate/Pipeline/Pipeline.php(167): Illuminate\\View\\Middleware\\ShareErrorsFromSession->handle(Object(Illuminate\\Http\\Request), Object(Closure))
#14 /run/media/mnaguib/01D5D071E5202A70/Projects/Laravel/booksouls_library/vendor/laravel/framework/src/Illuminate/Session/Middleware/StartSession.php(56): Illuminate\\Pipeline\\Pipeline->Illuminate\\Pipeline\\{closure}(Object(Illuminate\\Http\\Request))
#15 /run/media/mnaguib/01D5D071E5202A70/Projects/Laravel/booksouls_library/vendor/laravel/framework/src/Illuminate/Pipeline/Pipeline.php(167): Illuminate\\Session\\Middleware\\StartSession->handle(Object(Illuminate\\Http\\Request), Object(Closure))
#16 /run/media/mnaguib/01D5D071E5202A70/Projects/Laravel/booksouls_library/vendor/laravel/framework/src/Illuminate/Cookie/Middleware/AddQueuedCookiesToResponse.php(37): Illuminate\\Pipeline\\Pipeline->Illuminate\\Pipeline\\{closure}(Object(Illuminate\\Http\\Request))
#17 /run/media/mnaguib/01D5D071E5202A70/Projects/Laravel/booksouls_library/vendor/laravel/framework/src/Illuminate/Pipeline/Pipeline.php(167): Illuminate\\Cookie\\Middleware\\AddQueuedCookiesToResponse->handle(Object(Illuminate\\Http\\Request), Object(Closure))
#18 /run/media/mnaguib/01D5D071E5202A70/Projects/Laravel/booksouls_library/vendor/laravel/framework/src/Illuminate/Cookie/Middleware/EncryptCookies.php(66): Illuminate\\Pipeline\\Pipeline->Illuminate\\Pipeline\\{closure}(Object(Illuminate\\Http\\Request))
#19 /run/media/mnaguib/01D5D071E5202A70/Projects/Laravel/booksouls_library/vendor/laravel/framework/src/Illuminate/Pipeline/Pipeline.php(167): Illuminate\\Cookie\\Middleware\\EncryptCookies->handle(Object(Illuminate\\Http\\Request), Object(Closure))
#20 /run/media/mnaguib/01D5D071E5202A70/Projects/Laravel/booksouls_library/vendor/laravel/framework/src/Illuminate/Pipeline/Pipeline.php(103): Illuminate\\Pipeline\\Pipeline->Illuminate\\Pipeline\\{closure}(Object(Illuminate\\Http\\Request))
#21 /run/media/mnaguib/01D5D071E5202A70/Projects/Laravel/booksouls_library/vendor/laravel/framework/src/Illuminate/Routing/Router.php(683): Illuminate\\Pipeline\\Pipeline->then(Object(Closure))
#22 /run/media/mnaguib/01D5D071E5202A70/Projects/Laravel/booksouls_library/vendor/laravel/framework/src/Illuminate/Routing/Router.php(658): Illuminate\\Routing\\Router->runRouteWithinStack(Object(Illuminate\\Routing\\Route), Object(Illuminate\\Http\\Request))
#23 /run/media/mnaguib/01D5D071E5202A70/Projects/Laravel/booksouls_library/vendor/laravel/framework/src/Illuminate/Routing/Router.php(624): Illuminate\\Routing\\Router->runRoute(Object(Illuminate\\Http\\Request), Object(Illuminate\\Routing\\Route))
#24 /run/media/mnaguib/01D5D071E5202A70/Projects/Laravel/booksouls_library/vendor/laravel/framework/src/Illuminate/Routing/Router.php(613): Illuminate\\Routing\\Router->dispatchToRoute(Object(Illuminate\\Http\\Request))
#25 /run/media/mnaguib/01D5D071E5202A70/Projects/Laravel/booksouls_library/vendor/laravel/framework/src/Illuminate/Foundation/Http/Kernel.php(165): Illuminate\\Routing\\Router->dispatch(Object(Illuminate\\Http\\Request))
#26 /run/media/mnaguib/01D5D071E5202A70/Projects/Laravel/booksouls_library/vendor/laravel/framework/src/Illuminate/Pipeline/Pipeline.php(128): Illuminate\\Foundation\\Http\\Kernel->Illuminate\\Foundation\\Http\\{closure}(Object(Illuminate\\Http\\Request))
#27 /run/media/mnaguib/01D5D071E5202A70/Projects/Laravel/booksouls_library/vendor/laravel/framework/src/Illuminate/Foundation/Http/Middleware/TransformsRequest.php(21): Illuminate\\Pipeline\\Pipeline->Illuminate\\Pipeline\\{closure}(Object(Illuminate\\Http\\Request))
#28 /run/media/mnaguib/01D5D071E5202A70/Projects/Laravel/booksouls_library/vendor/laravel/framework/src/Illuminate/Pipeline/Pipeline.php(167): Illuminate\\Foundation\\Http\\Middleware\\TransformsRequest->handle(Object(Illuminate\\Http\\Request), Object(Closure))
#29 /run/media/mnaguib/01D5D071E5202A70/Projects/Laravel/booksouls_library/vendor/laravel/framework/src/Illuminate/Foundation/Http/Middleware/TransformsRequest.php(21): Illuminate\\Pipeline\\Pipeline->Illuminate\\Pipeline\\{closure}(Object(Illuminate\\Http\\Request))
#30 /run/media/mnaguib/01D5D071E5202A70/Projects/Laravel/booksouls_library/vendor/laravel/framework/src/Illuminate/Pipeline/Pipeline.php(167): Illuminate\\Foundation\\Http\\Middleware\\TransformsRequest->handle(Object(Illuminate\\Http\\Request), Object(Closure))
#31 /run/media/mnaguib/01D5D071E5202A70/Projects/Laravel/booksouls_library/vendor/laravel/framework/src/Illuminate/Foundation/Http/Middleware/ValidatePostSize.php(27): Illuminate\\Pipeline\\Pipeline->Illuminate\\Pipeline\\{closure}(Object(Illuminate\\Http\\Request))
#32 /run/media/mnaguib/01D5D071E5202A70/Projects/Laravel/booksouls_library/vendor/laravel/framework/src/Illuminate/Pipeline/Pipeline.php(167): Illuminate\\Foundation\\Http\\Middleware\\ValidatePostSize->handle(Object(Illuminate\\Http\\Request), Object(Closure))
#33 /run/media/mnaguib/01D5D071E5202A70/Projects/Laravel/booksouls_library/vendor/laravel/framework/src/Illuminate/Foundation/Http/Middleware/CheckForMaintenanceMode.php(63): Illuminate\\Pipeline\\Pipeline->Illuminate\\Pipeline\\{closure}(Object(Illuminate\\Http\\Request))
#34 /run/media/mnaguib/01D5D071E5202A70/Projects/Laravel/booksouls_library/vendor/laravel/framework/src/Illuminate/Pipeline/Pipeline.php(167): Illuminate\\Foundation\\Http\\Middleware\\CheckForMaintenanceMode->handle(Object(Illuminate\\Http\\Request), Object(Closure))
#35 /run/media/mnaguib/01D5D071E5202A70/Projects/Laravel/booksouls_library/vendor/fruitcake/laravel-cors/src/HandleCors.php(36): Illuminate\\Pipeline\\Pipeline->Illuminate\\Pipeline\\{closure}(Object(Illuminate\\Http\\Request))
#36 /run/media/mnaguib/01D5D071E5202A70/Projects/Laravel/booksouls_library/vendor/laravel/framework/src/Illuminate/Pipeline/Pipeline.php(167): Fruitcake\\Cors\\HandleCors->handle(Object(Illuminate\\Http\\Request), Object(Closure))
#37 /run/media/mnaguib/01D5D071E5202A70/Projects/Laravel/booksouls_library/vendor/fideloper/proxy/src/TrustProxies.php(57): Illuminate\\Pipeline\\Pipeline->Illuminate\\Pipeline\\{closure}(Object(Illuminate\\Http\\Request))
#38 /run/media/mnaguib/01D5D071E5202A70/Projects/Laravel/booksouls_library/vendor/laravel/framework/src/Illuminate/Pipeline/Pipeline.php(167): Fideloper\\Proxy\\TrustProxies->handle(Object(Illuminate\\Http\\Request), Object(Closure))
#39 /run/media/mnaguib/01D5D071E5202A70/Projects/Laravel/booksouls_library/vendor/laravel/framework/src/Illuminate/Pipeline/Pipeline.php(103): Illuminate\\Pipeline\\Pipeline->Illuminate\\Pipeline\\{closure}(Object(Illuminate\\Http\\Request))
#40 /run/media/mnaguib/01D5D071E5202A70/Projects/Laravel/booksouls_library/vendor/laravel/framework/src/Illuminate/Foundation/Http/Kernel.php(140): Illuminate\\Pipeline\\Pipeline->then(Object(Closure))
#41 /run/media/mnaguib/01D5D071E5202A70/Projects/Laravel/booksouls_library/vendor/laravel/framework/src/Illuminate/Foundation/Http/Kernel.php(109): Illuminate\\Foundation\\Http\\Kernel->sendRequestThroughRouter(Object(Illuminate\\Http\\Request))
#42 /run/media/mnaguib/01D5D071E5202A70/Projects/Laravel/booksouls_library/public/index.php(55): Illuminate\\Foundation\\Http\\Kernel->handle(Object(Illuminate\\Http\\Request))
#43 /run/media/mnaguib/01D5D071E5202A70/Projects/Laravel/booksouls_library/server.php(21): require_once('/run/media/mnag...')
#44 {main}
"} 
[2020-03-27 09:11:12] local.ERROR: file_put_contents(H:\Projects\Laravel\booksouls_library\storage\framework/sessions/VxaEEWhHXT52oewMvAPc9oLG4Cjo9bt5XRdUFtS5): failed to open stream: No such file or directory {"exception":"[object] (ErrorException(code: 0): file_put_contents(H:\\Projects\\Laravel\\booksouls_library\\storage\\framework/sessions/VxaEEWhHXT52oewMvAPc9oLG4Cjo9bt5XRdUFtS5): failed to open stream: No such file or directory at /run/media/mnaguib/01D5D071E5202A70/Projects/Laravel/booksouls_library/vendor/laravel/framework/src/Illuminate/Filesystem/Filesystem.php:133)
[stacktrace]
#0 [internal function]: Illuminate\\Foundation\\Bootstrap\\HandleExceptions->handleError(2, 'file_put_conten...', '/run/media/mnag...', 133, Array)
#1 /run/media/mnaguib/01D5D071E5202A70/Projects/Laravel/booksouls_library/vendor/laravel/framework/src/Illuminate/Filesystem/Filesystem.php(133): file_put_contents('H:\\\\Projects\\\\Lar...', 'a:3:{s:6:\"_toke...', 2)
#2 /run/media/mnaguib/01D5D071E5202A70/Projects/Laravel/booksouls_library/vendor/laravel/framework/src/Illuminate/Session/FileSessionHandler.php(83): Illuminate\\Filesystem\\Filesystem->put('H:\\\\Projects\\\\Lar...', 'a:3:{s:6:\"_toke...', true)
#3 /run/media/mnaguib/01D5D071E5202A70/Projects/Laravel/booksouls_library/vendor/laravel/framework/src/Illuminate/Session/Store.php(129): Illuminate\\Session\\FileSessionHandler->write('VxaEEWhHXT52oew...', 'a:3:{s:6:\"_toke...')
#4 /run/media/mnaguib/01D5D071E5202A70/Projects/Laravel/booksouls_library/vendor/laravel/framework/src/Illuminate/Session/Middleware/StartSession.php(170): Illuminate\\Session\\Store->save()
#5 /run/media/mnaguib/01D5D071E5202A70/Projects/Laravel/booksouls_library/vendor/laravel/framework/src/Illuminate/Session/Middleware/StartSession.php(65): Illuminate\\Session\\Middleware\\StartSession->saveSession(Object(Illuminate\\Http\\Request))
#6 /run/media/mnaguib/01D5D071E5202A70/Projects/Laravel/booksouls_library/vendor/laravel/framework/src/Illuminate/Pipeline/Pipeline.php(167): Illuminate\\Session\\Middleware\\StartSession->handle(Object(Illuminate\\Http\\Request), Object(Closure))
#7 /run/media/mnaguib/01D5D071E5202A70/Projects/Laravel/booksouls_library/vendor/laravel/framework/src/Illuminate/Cookie/Middleware/AddQueuedCookiesToResponse.php(37): Illuminate\\Pipeline\\Pipeline->Illuminate\\Pipeline\\{closure}(Object(Illuminate\\Http\\Request))
#8 /run/media/mnaguib/01D5D071E5202A70/Projects/Laravel/booksouls_library/vendor/laravel/framework/src/Illuminate/Pipeline/Pipeline.php(167): Illuminate\\Cookie\\Middleware\\AddQueuedCookiesToResponse->handle(Object(Illuminate\\Http\\Request), Object(Closure))
#9 /run/media/mnaguib/01D5D071E5202A70/Projects/Laravel/booksouls_library/vendor/laravel/framework/src/Illuminate/Cookie/Middleware/EncryptCookies.php(66): Illuminate\\Pipeline\\Pipeline->Illuminate\\Pipeline\\{closure}(Object(Illuminate\\Http\\Request))
#10 /run/media/mnaguib/01D5D071E5202A70/Projects/Laravel/booksouls_library/vendor/laravel/framework/src/Illuminate/Pipeline/Pipeline.php(167): Illuminate\\Cookie\\Middleware\\EncryptCookies->handle(Object(Illuminate\\Http\\Request), Object(Closure))
#11 /run/media/mnaguib/01D5D071E5202A70/Projects/Laravel/booksouls_library/vendor/laravel/framework/src/Illuminate/Pipeline/Pipeline.php(103): Illuminate\\Pipeline\\Pipeline->Illuminate\\Pipeline\\{closure}(Object(Illuminate\\Http\\Request))
#12 /run/media/mnaguib/01D5D071E5202A70/Projects/Laravel/booksouls_library/vendor/laravel/framework/src/Illuminate/Routing/Router.php(683): Illuminate\\Pipeline\\Pipeline->then(Object(Closure))
#13 /run/media/mnaguib/01D5D071E5202A70/Projects/Laravel/booksouls_library/vendor/laravel/framework/src/Illuminate/Routing/Router.php(658): Illuminate\\Routing\\Router->runRouteWithinStack(Object(Illuminate\\Routing\\Route), Object(Illuminate\\Http\\Request))
#14 /run/media/mnaguib/01D5D071E5202A70/Projects/Laravel/booksouls_library/vendor/laravel/framework/src/Illuminate/Routing/Router.php(624): Illuminate\\Routing\\Router->runRoute(Object(Illuminate\\Http\\Request), Object(Illuminate\\Routing\\Route))
#15 /run/media/mnaguib/01D5D071E5202A70/Projects/Laravel/booksouls_library/vendor/laravel/framework/src/Illuminate/Routing/Router.php(613): Illuminate\\Routing\\Router->dispatchToRoute(Object(Illuminate\\Http\\Request))
#16 /run/media/mnaguib/01D5D071E5202A70/Projects/Laravel/booksouls_library/vendor/laravel/framework/src/Illuminate/Foundation/Http/Kernel.php(165): Illuminate\\Routing\\Router->dispatch(Object(Illuminate\\Http\\Request))
#17 /run/media/mnaguib/01D5D071E5202A70/Projects/Laravel/booksouls_library/vendor/laravel/framework/src/Illuminate/Pipeline/Pipeline.php(128): Illuminate\\Foundation\\Http\\Kernel->Illuminate\\Foundation\\Http\\{closure}(Object(Illuminate\\Http\\Request))
#18 /run/media/mnaguib/01D5D071E5202A70/Projects/Laravel/booksouls_library/vendor/laravel/framework/src/Illuminate/Foundation/Http/Middleware/TransformsRequest.php(21): Illuminate\\Pipeline\\Pipeline->Illuminate\\Pipeline\\{closure}(Object(Illuminate\\Http\\Request))
#19 /run/media/mnaguib/01D5D071E5202A70/Projects/Laravel/booksouls_library/vendor/laravel/framework/src/Illuminate/Pipeline/Pipeline.php(167): Illuminate\\Foundation\\Http\\Middleware\\TransformsRequest->handle(Object(Illuminate\\Http\\Request), Object(Closure))
#20 /run/media/mnaguib/01D5D071E5202A70/Projects/Laravel/booksouls_library/vendor/laravel/framework/src/Illuminate/Foundation/Http/Middleware/TransformsRequest.php(21): Illuminate\\Pipeline\\Pipeline->Illuminate\\Pipeline\\{closure}(Object(Illuminate\\Http\\Request))
#21 /run/media/mnaguib/01D5D071E5202A70/Projects/Laravel/booksouls_library/vendor/laravel/framework/src/Illuminate/Pipeline/Pipeline.php(167): Illuminate\\Foundation\\Http\\Middleware\\TransformsRequest->handle(Object(Illuminate\\Http\\Request), Object(Closure))
#22 /run/media/mnaguib/01D5D071E5202A70/Projects/Laravel/booksouls_library/vendor/laravel/framework/src/Illuminate/Foundation/Http/Middleware/ValidatePostSize.php(27): Illuminate\\Pipeline\\Pipeline->Illuminate\\Pipeline\\{closure}(Object(Illuminate\\Http\\Request))
#23 /run/media/mnaguib/01D5D071E5202A70/Projects/Laravel/booksouls_library/vendor/laravel/framework/src/Illuminate/Pipeline/Pipeline.php(167): Illuminate\\Foundation\\Http\\Middleware\\ValidatePostSize->handle(Object(Illuminate\\Http\\Request), Object(Closure))
#24 /run/media/mnaguib/01D5D071E5202A70/Projects/Laravel/booksouls_library/vendor/laravel/framework/src/Illuminate/Foundation/Http/Middleware/CheckForMaintenanceMode.php(63): Illuminate\\Pipeline\\Pipeline->Illuminate\\Pipeline\\{closure}(Object(Illuminate\\Http\\Request))
#25 /run/media/mnaguib/01D5D071E5202A70/Projects/Laravel/booksouls_library/vendor/laravel/framework/src/Illuminate/Pipeline/Pipeline.php(167): Illuminate\\Foundation\\Http\\Middleware\\CheckForMaintenanceMode->handle(Object(Illuminate\\Http\\Request), Object(Closure))
#26 /run/media/mnaguib/01D5D071E5202A70/Projects/Laravel/booksouls_library/vendor/fruitcake/laravel-cors/src/HandleCors.php(36): Illuminate\\Pipeline\\Pipeline->Illuminate\\Pipeline\\{closure}(Object(Illuminate\\Http\\Request))
#27 /run/media/mnaguib/01D5D071E5202A70/Projects/Laravel/booksouls_library/vendor/laravel/framework/src/Illuminate/Pipeline/Pipeline.php(167): Fruitcake\\Cors\\HandleCors->handle(Object(Illuminate\\Http\\Request), Object(Closure))
#28 /run/media/mnaguib/01D5D071E5202A70/Projects/Laravel/booksouls_library/vendor/fideloper/proxy/src/TrustProxies.php(57): Illuminate\\Pipeline\\Pipeline->Illuminate\\Pipeline\\{closure}(Object(Illuminate\\Http\\Request))
#29 /run/media/mnaguib/01D5D071E5202A70/Projects/Laravel/booksouls_library/vendor/laravel/framework/src/Illuminate/Pipeline/Pipeline.php(167): Fideloper\\Proxy\\TrustProxies->handle(Object(Illuminate\\Http\\Request), Object(Closure))
#30 /run/media/mnaguib/01D5D071E5202A70/Projects/Laravel/booksouls_library/vendor/laravel/framework/src/Illuminate/Pipeline/Pipeline.php(103): Illuminate\\Pipeline\\Pipeline->Illuminate\\Pipeline\\{closure}(Object(Illuminate\\Http\\Request))
#31 /run/media/mnaguib/01D5D071E5202A70/Projects/Laravel/booksouls_library/vendor/laravel/framework/src/Illuminate/Foundation/Http/Kernel.php(140): Illuminate\\Pipeline\\Pipeline->then(Object(Closure))
#32 /run/media/mnaguib/01D5D071E5202A70/Projects/Laravel/booksouls_library/vendor/laravel/framework/src/Illuminate/Foundation/Http/Kernel.php(109): Illuminate\\Foundation\\Http\\Kernel->sendRequestThroughRouter(Object(Illuminate\\Http\\Request))
#33 /run/media/mnaguib/01D5D071E5202A70/Projects/Laravel/booksouls_library/public/index.php(55): Illuminate\\Foundation\\Http\\Kernel->handle(Object(Illuminate\\Http\\Request))
#34 /run/media/mnaguib/01D5D071E5202A70/Projects/Laravel/booksouls_library/server.php(21): require_once('/run/media/mnag...')
#35 {main}
"} 
